<?xml version="1.0" encoding="UTF-8"?>
<!-- Generated by org.testng.reporters.JUnitXMLReporter -->
<testsuite ignored="0" hostname="LAPTOP-1QT8BCK7" failures="0" tests="3" name="Test" time="6.252" errors="0" timestamp="2022-01-08T16:25:51 EST">
  <testcase classname="EaseMyTrip.EaseMyTrip.EaseMyTripTest" name="fromTextBox" time="1.718"/>
  <testcase classname="EaseMyTrip.EaseMyTrip.EaseMyTripTest" name="toTextBox" time="1.147"/>
  <testcase classname="EaseMyTrip.EaseMyTrip.EaseMyTripTest" name="verifyPageTitle" time="0.006"/>
</testsuite> <!-- Test -->
